Traceback (most recent call last):
  File "/Library/Developer/CommandLineTools/Library/Frameworks/Python3.framework/Versions/3.9/lib/python3.9/runpy.py", line 197, in _run_module_as_main
    return _run_code(code, main_globals, None,
  File "/Library/Developer/CommandLineTools/Library/Frameworks/Python3.framework/Versions/3.9/lib/python3.9/runpy.py", line 87, in _run_code
    exec(code, run_globals)
  File "/Users/zhangwei/Library/Python/3.9/lib/python/site-packages/uvicorn/__main__.py", line 4, in <module>
    uvicorn.main()
  File "/Users/zhangwei/Library/Python/3.9/lib/python/site-packages/click/core.py", line 1161, in __call__
    return self.main(*args, **kwargs)
  File "/Users/zhangwei/Library/Python/3.9/lib/python/site-packages/click/core.py", line 1082, in main
    rv = self.invoke(ctx)
  File "/Users/zhangwei/Library/Python/3.9/lib/python/site-packages/click/core.py", line 1443, in invoke
    return ctx.invoke(self.callback, **ctx.params)
  File "/Users/zhangwei/Library/Python/3.9/lib/python/site-packages/click/core.py", line 788, in invoke
    return __callback(*args, **kwargs)
  File "/Users/zhangwei/Library/Python/3.9/lib/python/site-packages/uvicorn/main.py", line 423, in main
    run(
  File "/Users/zhangwei/Library/Python/3.9/lib/python/site-packages/uvicorn/main.py", line 593, in run
    server.run()
  File "/Users/zhangwei/Library/Python/3.9/lib/python/site-packages/uvicorn/server.py", line 67, in run
    return asyncio_run(self.serve(sockets=sockets), loop_factory=self.config.get_loop_factory())
  File "/Users/zhangwei/Library/Python/3.9/lib/python/site-packages/uvicorn/_compat.py", line 60, in asyncio_run
    return loop.run_until_complete(main)
  File "/Library/Developer/CommandLineTools/Library/Frameworks/Python3.framework/Versions/3.9/lib/python3.9/asyncio/base_events.py", line 642, in run_until_complete
    return future.result()
  File "/Users/zhangwei/Library/Python/3.9/lib/python/site-packages/uvicorn/server.py", line 71, in serve
    await self._serve(sockets)
  File "/Users/zhangwei/Library/Python/3.9/lib/python/site-packages/uvicorn/server.py", line 78, in _serve
    config.load()
  File "/Users/zhangwei/Library/Python/3.9/lib/python/site-packages/uvicorn/config.py", line 439, in load
    self.loaded_app = import_from_string(self.app)
  File "/Users/zhangwei/Library/Python/3.9/lib/python/site-packages/uvicorn/importer.py", line 19, in import_from_string
    module = importlib.import_module(module_str)
  File "/Library/Developer/CommandLineTools/Library/Frameworks/Python3.framework/Versions/3.9/lib/python3.9/importlib/__init__.py", line 127, in import_module
    return _bootstrap._gcd_import(name[level:], package, level)
  File "<frozen importlib._bootstrap>", line 1030, in _gcd_import
  File "<frozen importlib._bootstrap>", line 1007, in _find_and_load
  File "<frozen importlib._bootstrap>", line 986, in _find_and_load_unlocked
  File "<frozen importlib._bootstrap>", line 680, in _load_unlocked
  File "<frozen importlib._bootstrap_external>", line 850, in exec_module
  File "<frozen importlib._bootstrap>", line 228, in _call_with_frames_removed
  File "/Users/zhangwei/gemshin_nb/backend/main.py", line 4, in <module>
    from backend.app.core.database import engine, Base
  File "/Users/zhangwei/gemshin_nb/backend/app/core/database.py", line 13, in <module>
    settings = Settings()
  File "/Users/zhangwei/Library/Python/3.9/lib/python/site-packages/pydantic_settings/main.py", line 193, in __init__
    super().__init__(
  File "/Users/zhangwei/Library/Python/3.9/lib/python/site-packages/pydantic/main.py", line 263, in __init__
    validated_self = self.__pydantic_validator__.validate_python(data, self_instance=self)
pydantic_core._pydantic_core.ValidationError: 6 validation errors for Settings
project_name
  Extra inputs are not permitted [type=extra_forbidden, input_value='AI股票分析助手', input_type=str]
    For further information visit https://errors.pydantic.dev/2.13/v/extra_forbidden
env
  Extra inputs are not permitted [type=extra_forbidden, input_value='development', input_type=str]
    For further information visit https://errors.pydantic.dev/2.13/v/extra_forbidden
redis_url
  Extra inputs are not permitted [type=extra_forbidden, input_value='redis://localhost:6379/0', input_type=str]
    For further information visit https://errors.pydantic.dev/2.13/v/extra_forbidden
doubak_api_key
  Extra inputs are not permitted [type=extra_forbidden, input_value='your_doubao_api_key', input_type=str]
    For further information visit https://errors.pydantic.dev/2.13/v/extra_forbidden
secret_key
  Extra inputs are not permitted [type=extra_forbidden, input_value='your_secret_key', input_type=str]
    For further information visit https://errors.pydantic.dev/2.13/v/extra_forbidden
access_token_expire_minutes
  Extra inputs are not permitted [type=extra_forbidden, input_value='30', input_type=str]
    For further information visit https://errors.pydantic.dev/2.13/v/extra_forbidden
